<?xml version="1.0" encoding="UTF-8"?>
<!-- Generated by org.testng.reporters.JUnitReportReporter -->
<testsuite skipped="0" hostname="DESKTOP-HT35607" name="com.testcase_testng.TC_IndividualProfile" tests="3" failures="0" timestamp="02 Mar 2022 16:07:04 GMT" time="46.347" errors="0">
  <testcase name="OpenProfile" time="12.265" classname="com.testcase_testng.TC_IndividualProfile"/>
  <testcase name="EmptyAddresscitypostaldateidcardFields" time="13.426" classname="com.testcase_testng.TC_IndividualProfile"/>
  <testcase name="ValidateAllFields" time="20.656" classname="com.testcase_testng.TC_IndividualProfile"/>
</testsuite> <!-- com.testcase_testng.TC_IndividualProfile -->
