<?xml version="1.0" encoding="UTF-8"?>
<!-- Generated by org.testng.reporters.JUnitReportReporter -->
<testsuite skipped="0" hostname="DESKTOP-HT35607" name="com.testcase_testng.TC_InvestorRetirmentProfile" tests="5" failures="0" timestamp="10 Mar 2022 09:25:13 GMT" time="122.395" errors="0">
  <testcase name="loginwithvalidemailpassword" time="6.505" classname="com.testcase_testng.TC_InvestorRetirmentProfile"/>
  <testcase name="OpenProfile" time="37.264" classname="com.testcase_testng.TC_InvestorRetirmentProfile"/>
  <testcase name="ValidateMandatoryRetirmentFields" time="6.759" classname="com.testcase_testng.TC_InvestorRetirmentProfile"/>
  <testcase name="ValidateUSCitizenRetirmentFields" time="30.064" classname="com.testcase_testng.TC_InvestorRetirmentProfile"/>
  <testcase name="ValidateNonUSCitizenRetirmentFields" time="41.803" classname="com.testcase_testng.TC_InvestorRetirmentProfile"/>
</testsuite> <!-- com.testcase_testng.TC_InvestorRetirmentProfile -->
