<?xml version="1.0" encoding="UTF-8"?>
<!-- Generated by org.testng.reporters.JUnitReportReporter -->
<testsuite skipped="0" hostname="DESKTOP-HT35607" name="com.testcase_testng.TC_InvestorLogin" tests="4" failures="0" timestamp="08 Mar 2022 15:52:40 GMT" time="37.297" errors="0">
  <testcase name="passwordfieldempty" time="17.275" classname="com.testcase_testng.TC_InvestorLogin"/>
  <testcase name="emailpasswordempty" time="7.379" classname="com.testcase_testng.TC_InvestorLogin"/>
  <testcase name="emailfieldempty" time="6.186" classname="com.testcase_testng.TC_InvestorLogin"/>
  <testcase name="loginwithvalidemailpassword" time="6.457" classname="com.testcase_testng.TC_InvestorLogin"/>
</testsuite> <!-- com.testcase_testng.TC_InvestorLogin -->
