<?xml version="1.0" encoding="UTF-8"?>
<!-- Generated by org.testng.reporters.JUnitReportReporter -->
<testsuite skipped="0" hostname="DESKTOP-HT35607" name="com.testcase_testng.TC_EntityProfile" tests="3" failures="0" timestamp="02 Mar 2022 16:14:20 GMT" time="80.707" errors="0">
  <testcase name="OpenProfile" time="13.877" classname="com.testcase_testng.TC_EntityProfile"/>
  <testcase name="EmptyAddresscitypostaldateidcardFields" time="40.220" classname="com.testcase_testng.TC_EntityProfile"/>
  <testcase name="ValidateAllFields" time="26.610" classname="com.testcase_testng.TC_EntityProfile"/>
</testsuite> <!-- com.testcase_testng.TC_EntityProfile -->
